  '\\Mac\Home\Documents\Google Drive\Uni\ICT1009-Object-Oriented Programming\Project\09 PWOYACK\C++ Jerry\Qtgui_v12'
  CMD.EXE was started with the above path as the current directory.
  UNC paths are not supported.  Defaulting to Windows directory.
  Moc'ing index.h...
  The system cannot find the path specified.
  Moc'ing studentquizresult.h...
  The system cannot find the path specified.
  Moc'ing studenttakequiz.h...
  The system cannot find the path specified.
  Moc'ing studentviewquiz.h...
  The system cannot find the path specified.
  Moc'ing studentviewresult.h...
  The system cannot find the path specified.
  Moc'ing teachercreatequiz.h...
  The system cannot find the path specified.
  Moc'ing teachereditqns.h...
  The system cannot find the path specified.
  The system cannot find the path specified.
  The system cannot find the path specified.
  The system cannot find the path specified.
  The system cannot find the path specified.
  The system cannot find the path specified.
  The system cannot find the path specified.
  The system cannot find the path specified.
  The system cannot find the path specified.
  The system cannot find the path specified.
  The system cannot find the path specified.
  The system cannot find the path specified.
  Moc'ing teachereditquiz.h...
  Moc'ing teacherviewquiz.h...
  Uic'ing index.ui...
  Uic'ing studentquizresult.ui...
  Uic'ing studenttakequiz.ui...
  Uic'ing studentviewquiz.ui...
  Uic'ing studentviewresult.ui...
  Uic'ing teachercreatequiz.ui...
  Uic'ing teachereditqns.ui...
  Uic'ing teachereditquiz.ui...
  Uic'ing teacherviewquiz.ui...
C:\Program Files (x86)\MSBuild\Microsoft.Cpp\v4.0\V140\Microsoft.CppCommon.targets(171,5): error MSB6006: "cmd.exe" exited with code 3.
